<?xml version="1.0" encoding="UTF-8"?>
<testng-results skipped="0" failed="4" total="4" passed="0">
  <reporter-output>
  </reporter-output>
  <suite name="Default suite" duration-ms="29498" started-at="2017-09-23T16:56:11Z" finished-at="2017-09-23T16:56:40Z">
    <groups>
    </groups>
    <test name="Default test" duration-ms="29498" started-at="2017-09-23T16:56:11Z" finished-at="2017-09-23T16:56:40Z">
      <class name="com.ebay.testscripts.LoginUseCases">
        <test-method status="PASS" signature="lauchBrowser()[pri:0, instance:com.ebay.testscripts.LoginUseCases@4450d156]" name="lauchBrowser" is-config="true" duration-ms="21577" started-at="2017-09-23T22:26:11Z" finished-at="2017-09-23T22:26:32Z">
          <reporter-output>
          </reporter-output>
        </test-method> <!-- lauchBrowser -->
        <test-method status="FAIL" signature="LoginPage(java.lang.String, java.lang.String, java.lang.String)[pri:0, instance:com.ebay.testscripts.LoginUseCases@4450d156]" name="LoginPage" duration-ms="84" started-at="2017-09-23T22:26:32Z" data-provider="getSignInValidationData" finished-at="2017-09-23T22:26:33Z">
          <params>
            <param index="0">
              <value>
                <![CDATA[marlabs6250@yahoo.com]]>
              </value>
            </param>
            <param index="1">
              <value>
                <![CDATA[latha1@123]]>
              </value>
            </param>
            <param index="2">
              <value>
                <![CDATA[Authentication Failed]]>
              </value>
            </param>
          </params>
          <exception class="java.lang.Exception">
            <message>
              <![CDATA[Authentication is Required]]>
            </message>
            <full-stacktrace>
              <![CDATA[java.lang.Exception: Authentication is Required
	at com.ebay.libraries.GenericFunction.get_Text_By_xpath(GenericFunction.java:102)
	at com.ebay.search.pageObject.LoginPageValidationObject.getvalidationforwrongpwd(LoginPageValidationObject.java:22)
	at com.ebay.testscripts.LoginUseCases.LoginPage(LoginUseCases.java:50)
	at sun.reflect.NativeMethodAccessorImpl.invoke0(Native Method)
	at sun.reflect.NativeMethodAccessorImpl.invoke(NativeMethodAccessorImpl.java:62)
	at sun.reflect.DelegatingMethodAccessorImpl.invoke(DelegatingMethodAccessorImpl.java:43)
	at java.lang.reflect.Method.invoke(Method.java:498)
	at org.testng.internal.MethodInvocationHelper.invokeMethod(MethodInvocationHelper.java:86)
	at org.testng.internal.Invoker.invokeMethod(Invoker.java:643)
	at org.testng.internal.Invoker.invokeTestMethod(Invoker.java:820)
	at org.testng.internal.Invoker.invokeTestMethods(Invoker.java:1128)
	at org.testng.internal.TestMethodWorker.invokeTestMethods(TestMethodWorker.java:129)
	at org.testng.internal.TestMethodWorker.run(TestMethodWorker.java:112)
	at org.testng.TestRunner.privateRun(TestRunner.java:782)
	at org.testng.TestRunner.run(TestRunner.java:632)
	at org.testng.SuiteRunner.runTest(SuiteRunner.java:366)
	at org.testng.SuiteRunner.runSequentially(SuiteRunner.java:361)
	at org.testng.SuiteRunner.privateRun(SuiteRunner.java:319)
	at org.testng.SuiteRunner.run(SuiteRunner.java:268)
	at org.testng.SuiteRunnerWorker.runSuite(SuiteRunnerWorker.java:52)
	at org.testng.SuiteRunnerWorker.run(SuiteRunnerWorker.java:86)
	at org.testng.TestNG.runSuitesSequentially(TestNG.java:1244)
	at org.testng.TestNG.runSuitesLocally(TestNG.java:1169)
	at org.testng.TestNG.run(TestNG.java:1064)
	at org.testng.remote.AbstractRemoteTestNG.run(AbstractRemoteTestNG.java:114)
	at org.testng.remote.RemoteTestNG.initAndRun(RemoteTestNG.java:251)
	at org.testng.remote.RemoteTestNG.main(RemoteTestNG.java:77)
]]>
            </full-stacktrace>
          </exception> <!-- java.lang.Exception -->
          <reporter-output>
          </reporter-output>
        </test-method> <!-- LoginPage -->
        <test-method status="FAIL" signature="LoginPage(java.lang.String, java.lang.String, java.lang.String)[pri:0, instance:com.ebay.testscripts.LoginUseCases@4450d156]" name="LoginPage" duration-ms="28" started-at="2017-09-23T22:26:33Z" data-provider="getSignInValidationData" finished-at="2017-09-23T22:26:33Z">
          <params>
            <param index="0">
              <value>
                <![CDATA[marlabs6250@yahoo.com]]>
              </value>
            </param>
            <param index="1">
              <value>
                <![CDATA[]]>
              </value>
            </param>
            <param index="2">
              <value>
                <![CDATA[Password is Required]]>
              </value>
            </param>
          </params>
          <exception class="java.lang.Exception">
            <message>
              <![CDATA[Authentication is Required]]>
            </message>
            <full-stacktrace>
              <![CDATA[java.lang.Exception: Authentication is Required
	at com.ebay.libraries.GenericFunction.get_Text_By_xpath(GenericFunction.java:102)
	at com.ebay.search.pageObject.LoginPageValidationObject.getvalidationforwrongpwd(LoginPageValidationObject.java:22)
	at com.ebay.testscripts.LoginUseCases.LoginPage(LoginUseCases.java:50)
	at sun.reflect.NativeMethodAccessorImpl.invoke0(Native Method)
	at sun.reflect.NativeMethodAccessorImpl.invoke(NativeMethodAccessorImpl.java:62)
	at sun.reflect.DelegatingMethodAccessorImpl.invoke(DelegatingMethodAccessorImpl.java:43)
	at java.lang.reflect.Method.invoke(Method.java:498)
	at org.testng.internal.MethodInvocationHelper.invokeMethod(MethodInvocationHelper.java:86)
	at org.testng.internal.Invoker.invokeMethod(Invoker.java:643)
	at org.testng.internal.Invoker.invokeTestMethod(Invoker.java:820)
	at org.testng.internal.Invoker.invokeTestMethods(Invoker.java:1128)
	at org.testng.internal.TestMethodWorker.invokeTestMethods(TestMethodWorker.java:129)
	at org.testng.internal.TestMethodWorker.run(TestMethodWorker.java:112)
	at org.testng.TestRunner.privateRun(TestRunner.java:782)
	at org.testng.TestRunner.run(TestRunner.java:632)
	at org.testng.SuiteRunner.runTest(SuiteRunner.java:366)
	at org.testng.SuiteRunner.runSequentially(SuiteRunner.java:361)
	at org.testng.SuiteRunner.privateRun(SuiteRunner.java:319)
	at org.testng.SuiteRunner.run(SuiteRunner.java:268)
	at org.testng.SuiteRunnerWorker.runSuite(SuiteRunnerWorker.java:52)
	at org.testng.SuiteRunnerWorker.run(SuiteRunnerWorker.java:86)
	at org.testng.TestNG.runSuitesSequentially(TestNG.java:1244)
	at org.testng.TestNG.runSuitesLocally(TestNG.java:1169)
	at org.testng.TestNG.run(TestNG.java:1064)
	at org.testng.remote.AbstractRemoteTestNG.run(AbstractRemoteTestNG.java:114)
	at org.testng.remote.RemoteTestNG.initAndRun(RemoteTestNG.java:251)
	at org.testng.remote.RemoteTestNG.main(RemoteTestNG.java:77)
]]>
            </full-stacktrace>
          </exception> <!-- java.lang.Exception -->
          <reporter-output>
          </reporter-output>
        </test-method> <!-- LoginPage -->
        <test-method status="FAIL" signature="LoginPage(java.lang.String, java.lang.String, java.lang.String)[pri:0, instance:com.ebay.testscripts.LoginUseCases@4450d156]" name="LoginPage" duration-ms="17" started-at="2017-09-23T22:26:33Z" data-provider="getSignInValidationData" finished-at="2017-09-23T22:26:33Z">
          <params>
            <param index="0">
              <value>
                <![CDATA[]]>
              </value>
            </param>
            <param index="1">
              <value>
                <![CDATA[marlabs6250@yahoo.com]]>
              </value>
            </param>
            <param index="2">
              <value>
                <![CDATA[An email address is required]]>
              </value>
            </param>
          </params>
          <exception class="java.lang.Exception">
            <message>
              <![CDATA[Authentication is Required]]>
            </message>
            <full-stacktrace>
              <![CDATA[java.lang.Exception: Authentication is Required
	at com.ebay.libraries.GenericFunction.get_Text_By_xpath(GenericFunction.java:102)
	at com.ebay.search.pageObject.LoginPageValidationObject.getvalidationforwrongpwd(LoginPageValidationObject.java:22)
	at com.ebay.testscripts.LoginUseCases.LoginPage(LoginUseCases.java:50)
	at sun.reflect.NativeMethodAccessorImpl.invoke0(Native Method)
	at sun.reflect.NativeMethodAccessorImpl.invoke(NativeMethodAccessorImpl.java:62)
	at sun.reflect.DelegatingMethodAccessorImpl.invoke(DelegatingMethodAccessorImpl.java:43)
	at java.lang.reflect.Method.invoke(Method.java:498)
	at org.testng.internal.MethodInvocationHelper.invokeMethod(MethodInvocationHelper.java:86)
	at org.testng.internal.Invoker.invokeMethod(Invoker.java:643)
	at org.testng.internal.Invoker.invokeTestMethod(Invoker.java:820)
	at org.testng.internal.Invoker.invokeTestMethods(Invoker.java:1128)
	at org.testng.internal.TestMethodWorker.invokeTestMethods(TestMethodWorker.java:129)
	at org.testng.internal.TestMethodWorker.run(TestMethodWorker.java:112)
	at org.testng.TestRunner.privateRun(TestRunner.java:782)
	at org.testng.TestRunner.run(TestRunner.java:632)
	at org.testng.SuiteRunner.runTest(SuiteRunner.java:366)
	at org.testng.SuiteRunner.runSequentially(SuiteRunner.java:361)
	at org.testng.SuiteRunner.privateRun(SuiteRunner.java:319)
	at org.testng.SuiteRunner.run(SuiteRunner.java:268)
	at org.testng.SuiteRunnerWorker.runSuite(SuiteRunnerWorker.java:52)
	at org.testng.SuiteRunnerWorker.run(SuiteRunnerWorker.java:86)
	at org.testng.TestNG.runSuitesSequentially(TestNG.java:1244)
	at org.testng.TestNG.runSuitesLocally(TestNG.java:1169)
	at org.testng.TestNG.run(TestNG.java:1064)
	at org.testng.remote.AbstractRemoteTestNG.run(AbstractRemoteTestNG.java:114)
	at org.testng.remote.RemoteTestNG.initAndRun(RemoteTestNG.java:251)
	at org.testng.remote.RemoteTestNG.main(RemoteTestNG.java:77)
]]>
            </full-stacktrace>
          </exception> <!-- java.lang.Exception -->
          <reporter-output>
          </reporter-output>
        </test-method> <!-- LoginPage -->
        <test-method status="FAIL" signature="successfulLogin(java.lang.String, java.lang.String, java.lang.String)[pri:0, instance:com.ebay.testscripts.LoginUseCases@4450d156]" name="successfulLogin" duration-ms="19" started-at="2017-09-23T22:26:33Z" data-provider="getSignInData" finished-at="2017-09-23T22:26:33Z">
          <params>
            <param index="0">
              <value>
                <![CDATA[marlabs6250@yahoo,com]]>
              </value>
            </param>
            <param index="1">
              <value>
                <![CDATA[Test@123]]>
              </value>
            </param>
            <param index="2">
              <value>
                <![CDATA[Latha Mahadevaiah]]>
              </value>
            </param>
          </params>
          <exception class="java.lang.Exception">
            <message>
              <![CDATA[Failed to enter username]]>
            </message>
            <full-stacktrace>
              <![CDATA[java.lang.Exception: Failed to enter username
	at com.ebay.libraries.GenericFunction.enter_Text_By_Xpath(GenericFunction.java:69)
	at com.ebay.search.pageObject.LoginPageObject.enterUsername(LoginPageObject.java:33)
	at com.ebay.testscripts.LoginUseCases.successfulLogin(LoginUseCases.java:35)
	at sun.reflect.NativeMethodAccessorImpl.invoke0(Native Method)
	at sun.reflect.NativeMethodAccessorImpl.invoke(NativeMethodAccessorImpl.java:62)
	at sun.reflect.DelegatingMethodAccessorImpl.invoke(DelegatingMethodAccessorImpl.java:43)
	at java.lang.reflect.Method.invoke(Method.java:498)
	at org.testng.internal.MethodInvocationHelper.invokeMethod(MethodInvocationHelper.java:86)
	at org.testng.internal.Invoker.invokeMethod(Invoker.java:643)
	at org.testng.internal.Invoker.invokeTestMethod(Invoker.java:820)
	at org.testng.internal.Invoker.invokeTestMethods(Invoker.java:1128)
	at org.testng.internal.TestMethodWorker.invokeTestMethods(TestMethodWorker.java:129)
	at org.testng.internal.TestMethodWorker.run(TestMethodWorker.java:112)
	at org.testng.TestRunner.privateRun(TestRunner.java:782)
	at org.testng.TestRunner.run(TestRunner.java:632)
	at org.testng.SuiteRunner.runTest(SuiteRunner.java:366)
	at org.testng.SuiteRunner.runSequentially(SuiteRunner.java:361)
	at org.testng.SuiteRunner.privateRun(SuiteRunner.java:319)
	at org.testng.SuiteRunner.run(SuiteRunner.java:268)
	at org.testng.SuiteRunnerWorker.runSuite(SuiteRunnerWorker.java:52)
	at org.testng.SuiteRunnerWorker.run(SuiteRunnerWorker.java:86)
	at org.testng.TestNG.runSuitesSequentially(TestNG.java:1244)
	at org.testng.TestNG.runSuitesLocally(TestNG.java:1169)
	at org.testng.TestNG.run(TestNG.java:1064)
	at org.testng.remote.AbstractRemoteTestNG.run(AbstractRemoteTestNG.java:114)
	at org.testng.remote.RemoteTestNG.initAndRun(RemoteTestNG.java:251)
	at org.testng.remote.RemoteTestNG.main(RemoteTestNG.java:77)
]]>
            </full-stacktrace>
          </exception> <!-- java.lang.Exception -->
          <reporter-output>
          </reporter-output>
        </test-method> <!-- successfulLogin -->
        <test-method status="PASS" signature="quitBrowser()[pri:0, instance:com.ebay.testscripts.LoginUseCases@4450d156]" name="quitBrowser" is-config="true" duration-ms="7696" started-at="2017-09-23T22:26:33Z" finished-at="2017-09-23T22:26:40Z">
          <reporter-output>
          </reporter-output>
        </test-method> <!-- quitBrowser -->
      </class> <!-- com.ebay.testscripts.LoginUseCases -->
    </test> <!-- Default test -->
  </suite> <!-- Default suite -->
</testng-results>
